# JRE version: OpenJDK Runtime Environment (22.0.2+9) (build 22.0.2+9-70)
# Java VM: OpenJDK 64-Bit Server VM (22.0.2+9-70, mixed mode, sharing, tiered, compressed oops, compressed class ptrs, g1 gc, windows-amd64)
GC Precious Log:
 CardTable entry size: 512
 Card Set container configuration: InlinePtr #cards 4 size 8 Array Of Cards #cards 32 size 80 Howl #buckets 8 coarsen threshold 7372 Howl Bitmap #cards 1024 size 144 coarsen threshold 921 Card regions per heap region 1 cards per card region 8192
 CPUs: 12 total, 12 available
 Memory: 31952M
 Large Page Support: Disabled
 NUMA Support: Disabled
 Compressed Oops: Enabled (Zero based)
 Heap Region Size: 4M
 Heap Min Capacity: 8M
 Heap Initial Capacity: 500M
 Heap Max Capacity: 7992M
 Pre-touch: Disabled
 Parallel Workers: 10
 Concurrent Workers: 3
 Concurrent Refinement Workers: 10
 Periodic GC: Disabled
Heap:
 garbage-first heap   total reserved 8183808K, committed 1196032K, used 542249K [0x000000060c800000, 0x0000000800000000)
  region size 4096K, 5 young (20480K), 5 survivors (20480K)
 Metaspace       used 27976K, committed 28480K, reserved 1114112K
  class space    used 3378K, committed 3584K, reserved 1048576K
GC Heap History (20 events):
Event: 286.619 GC heap after
{Heap after GC invocations=21 (full 0):
 garbage-first heap   total reserved 8183808K, committed 1196032K, used 212787K [0x000000060c800000, 0x0000000800000000)
  region size 4096K, 1 young (4096K), 1 survivors (4096K)
 Metaspace       used 27413K, committed 27840K, reserved 1114112K
  class space    used 3343K, committed 3520K, reserved 1048576K
}
Event: 288.467 GC heap before
{Heap before GC invocations=21 (full 0):
 garbage-first heap   total reserved 8183808K, committed 1196032K, used 548659K [0x000000060c800000, 0x0000000800000000)
  region size 4096K, 5 young (20480K), 1 survivors (4096K)
 Metaspace       used 27615K, committed 28032K, reserved 1114112K
  class space    used 3343K, committed 3520K, reserved 1048576K
}
Event: 288.470 GC heap after
{Heap after GC invocations=22 (full 0):
 garbage-first heap   total reserved 8183808K, committed 1196032K, used 167358K [0x000000060c800000, 0x0000000800000000)
  region size 4096K, 1 young (4096K), 1 survivors (4096K)
 Metaspace       used 27615K, committed 28032K, reserved 1114112K
  class space    used 3343K, committed 3520K, reserved 1048576K
}
Event: 288.921 GC heap before
{Heap before GC invocations=22 (full 0):
 garbage-first heap   total reserved 8183808K, committed 1196032K, used 523710K [0x000000060c800000, 0x0000000800000000)
  region size 4096K, 5 young (20480K), 1 survivors (4096K)
 Metaspace       used 27650K, committed 28160K, reserved 1114112K
  class space    used 3344K, committed 3520K, reserved 1048576K
}
Event: 288.923 GC heap after
{Heap after GC invocations=23 (full 0):
 garbage-first heap   total reserved 8183808K, committed 1196032K, used 266922K [0x000000060c800000, 0x0000000800000000)
  region size 4096K, 1 young (4096K), 1 survivors (4096K)
 Metaspace       used 27650K, committed 28160K, reserved 1114112K
  class space    used 3344K, committed 3520K, reserved 1048576K
}
Event: 304.068 GC heap before
{Heap before GC invocations=23 (full 0):
 garbage-first heap   total reserved 8183808K, committed 1196032K, used 541354K [0x000000060c800000, 0x0000000800000000)
  region size 4096K, 4 young (16384K), 1 survivors (4096K)
 Metaspace       used 27727K, committed 28160K, reserved 1114112K
  class space    used 3350K, committed 3520K, reserved 1048576K
}
Event: 304.072 GC heap after
{Heap after GC invocations=24 (full 0):
 garbage-first heap   total reserved 8183808K, committed 1196032K, used 85222K [0x000000060c800000, 0x0000000800000000)
  region size 4096K, 1 young (4096K), 1 survivors (4096K)
 Metaspace       used 27727K, committed 28160K, reserved 1114112K
  class space    used 3350K, committed 3520K, reserved 1048576K
}
Event: 315.043 GC heap before
{Heap before GC invocations=24 (full 0):
 garbage-first heap   total reserved 8183808K, committed 1196032K, used 543974K [0x000000060c800000, 0x0000000800000000)
  region size 4096K, 3 young (12288K), 1 survivors (4096K)
 Metaspace       used 27794K, committed 28224K, reserved 1114112K
  class space    used 3357K, committed 3520K, reserved 1048576K
}
Event: 315.045 GC heap after
{Heap after GC invocations=25 (full 0):
 garbage-first heap   total reserved 8183808K, committed 1196032K, used 35046K [0x000000060c800000, 0x0000000800000000)
  region size 4096K, 1 young (4096K), 1 survivors (4096K)
 Metaspace       used 27794K, committed 28224K, reserved 1114112K
  class space    used 3357K, committed 3520K, reserved 1048576K
}
Event: 316.569 GC heap before
{Heap before GC invocations=25 (full 0):
 garbage-first heap   total reserved 8183808K, committed 1196032K, used 551142K [0x000000060c800000, 0x0000000800000000)
  region size 4096K, 7 young (28672K), 1 survivors (4096K)
 Metaspace       used 27848K, committed 28288K, reserved 1114112K
  class space    used 3359K, committed 3520K, reserved 1048576K
}
Event: 316.572 GC heap after
{Heap after GC invocations=26 (full 0):
 garbage-first heap   total reserved 8183808K, committed 1196032K, used 248291K [0x000000060c800000, 0x0000000800000000)
  region size 4096K, 3 young (12288K), 3 survivors (12288K)
 Metaspace       used 27848K, committed 28288K, reserved 1114112K
  class space    used 3359K, committed 3520K, reserved 1048576K
}
Event: 316.912 GC heap before
{Heap before GC invocations=26 (full 0):
 garbage-first heap   total reserved 8183808K, committed 1196032K, used 555491K [0x000000060c800000, 0x0000000800000000)
  region size 4096K, 7 young (28672K), 3 survivors (12288K)
 Metaspace       used 27865K, committed 28352K, reserved 1114112K
  class space    used 3362K, committed 3520K, reserved 1048576K
}
Event: 316.915 GC heap after
{Heap after GC invocations=27 (full 0):
 garbage-first heap   total reserved 8183808K, committed 1196032K, used 416106K [0x000000060c800000, 0x0000000800000000)
  region size 4096K, 4 young (16384K), 4 survivors (16384K)
 Metaspace       used 27865K, committed 28352K, reserved 1114112K
  class space    used 3362K, committed 3520K, reserved 1048576K
}
Event: 316.984 GC heap before
{Heap before GC invocations=27 (full 0):
 garbage-first heap   total reserved 8183808K, committed 1196032K, used 555370K [0x000000060c800000, 0x0000000800000000)
  region size 4096K, 7 young (28672K), 4 survivors (16384K)
 Metaspace       used 27886K, committed 28352K, reserved 1114112K
  class space    used 3362K, committed 3520K, reserved 1048576K
}
Event: 316.987 GC heap after
{Heap after GC invocations=28 (full 0):
 garbage-first heap   total reserved 8183808K, committed 1196032K, used 473895K [0x000000060c800000, 0x0000000800000000)
  region size 4096K, 5 young (20480K), 5 survivors (20480K)
 Metaspace       used 27886K, committed 28352K, reserved 1114112K
  class space    used 3362K, committed 3520K, reserved 1048576K
}
Event: 317.085 GC heap before
{Heap before GC invocations=28 (full 0):
 garbage-first heap   total reserved 8183808K, committed 1196032K, used 547623K [0x000000060c800000, 0x0000000800000000)
  region size 4096K, 7 young (28672K), 5 survivors (20480K)
 Metaspace       used 27963K, committed 28480K, reserved 1114112K
  class space    used 3378K, committed 3584K, reserved 1048576K
}
Event: 317.089 GC heap after
{Heap after GC invocations=29 (full 0):
 garbage-first heap   total reserved 8183808K, committed 1196032K, used 521149K [0x000000060c800000, 0x0000000800000000)
  region size 4096K, 5 young (20480K), 5 survivors (20480K)
 Metaspace       used 27963K, committed 28480K, reserved 1114112K
  class space    used 3378K, committed 3584K, reserved 1048576K
}
Event: 317.114 GC heap before
{Heap before GC invocations=29 (full 0):
 garbage-first heap   total reserved 8183808K, committed 1196032K, used 537533K [0x000000060c800000, 0x0000000800000000)
  region size 4096K, 6 young (24576K), 5 survivors (20480K)
 Metaspace       used 27973K, committed 28480K, reserved 1114112K
  class space    used 3378K, committed 3584K, reserved 1048576K
}
Event: 317.117 GC heap after
{Heap after GC invocations=30 (full 0):
 garbage-first heap   total reserved 8183808K, committed 1196032K, used 529331K [0x000000060c800000, 0x0000000800000000)
  region size 4096K, 5 young (20480K), 5 survivors (20480K)
 Metaspace       used 27973K, committed 28480K, reserved 1114112K
  class space    used 3378K, committed 3584K, reserved 1048576K
}
Event: 317.135 GC heap before
{Heap before GC invocations=30 (full 0):
 garbage-first heap   total reserved 8183808K, committed 1196032K, used 553907K [0x000000060c800000, 0x0000000800000000)
  region size 4096K, 6 young (24576K), 5 survivors (20480K)
 Metaspace       used 27976K, committed 28480K, reserved 1114112K
  class space    used 3378K, committed 3584K, reserved 1048576K
}

